<?xml version="1.0" encoding="UTF-8"?>
<!-- Generated by org.testng.reporters.JUnitXMLReporter -->
<testsuite ignored="0" hostname="Sanjai" failures="0" tests="8" name="Default test" time="141.622" errors="0" timestamp="2023-10-25T09:15:33 IST">
  <testcase classname="com.test.ApplicationUnderTest" name="login" time="7.292"/>
  <testcase classname="com.test.ApplicationUnderTest" name="dashboard" time="16.934"/>
  <testcase classname="com.test.ApplicationUnderTest" name="registerPatient" time="1.648"/>
  <testcase classname="com.test.ApplicationUnderTest" name="patientDetails" time="12.748"/>
  <testcase classname="com.test.ApplicationUnderTest" name="startVisit" time="41.387"/>
  <testcase classname="com.test.ApplicationUnderTest" name="captureVitals" time="28.737"/>
  <testcase classname="com.test.ApplicationUnderTest" name="mergeVisit" time="7.372"/>
  <testcase classname="com.test.ApplicationUnderTest" name="deletePatient" time="0.263"/>
</testsuite> <!-- Default test -->
